[debug] [2025-05-19T11:10:00.103Z] ----------------------------------------------------------------------
[debug] [2025-05-19T11:10:00.106Z] Command:       C:\Program Files\nodejs\node.exe C:\Users\Claudiu\AppData\Roaming\npm\node_modules\firebase-tools\lib\bin\firebase.js login:add
[debug] [2025-05-19T11:10:00.106Z] CLI Version:   14.4.0
[debug] [2025-05-19T11:10:00.106Z] Platform:      win32
[debug] [2025-05-19T11:10:00.106Z] Node Version:  v22.15.0
[debug] [2025-05-19T11:10:00.107Z] Time:          Mon May 19 2025 14:10:00 GMT+0300 (Eastern European Summer Time)
[debug] [2025-05-19T11:10:00.107Z] ----------------------------------------------------------------------
[debug] 
[info] 
[info] Visit this URL on this device to log in:
[info] https://accounts.google.com/o/oauth2/auth?client_id=563584335869-fgrhgmd47bqnekij5i8b5pr03ho849e6.apps.googleusercontent.com&scope=email%20openid%20https%3A%2F%2Fwww.googleapis.com%2Fauth%2Fcloudplatformprojects.readonly%20https%3A%2F%2Fwww.googleapis.com%2Fauth%2Ffirebase%20https%3A%2F%2Fwww.googleapis.com%2Fauth%2Fcloud-platform&response_type=code&state=31825273&redirect_uri=http%3A%2F%2Flocalhost%3A9005
[info] 
[info] Waiting for authentication...
[debug] [2025-05-19T11:10:40.368Z] ----------------------------------------------------------------------
[debug] [2025-05-19T11:10:40.371Z] Command:       C:\Program Files\nodejs\node.exe C:\Users\Claudiu\AppData\Roaming\npm\node_modules\firebase-tools\lib\bin\firebase.js login:add
[debug] [2025-05-19T11:10:40.372Z] CLI Version:   14.4.0
[debug] [2025-05-19T11:10:40.372Z] Platform:      win32
[debug] [2025-05-19T11:10:40.372Z] Node Version:  v22.15.0
[debug] [2025-05-19T11:10:40.372Z] Time:          Mon May 19 2025 14:10:40 GMT+0300 (Eastern European Summer Time)
[debug] [2025-05-19T11:10:40.372Z] ----------------------------------------------------------------------
[debug] 
[info] 
[info] Visit this URL on this device to log in:
[info] https://accounts.google.com/o/oauth2/auth?client_id=563584335869-fgrhgmd47bqnekij5i8b5pr03ho849e6.apps.googleusercontent.com&scope=email%20openid%20https%3A%2F%2Fwww.googleapis.com%2Fauth%2Fcloudplatformprojects.readonly%20https%3A%2F%2Fwww.googleapis.com%2Fauth%2Ffirebase%20https%3A%2F%2Fwww.googleapis.com%2Fauth%2Fcloud-platform&response_type=code&state=338370517&redirect_uri=http%3A%2F%2Flocalhost%3A9005
[info] 
[info] Waiting for authentication...
